SF:lib\features\information\screens\information_screen.dart
DA:9,1
DA:11,1
DA:12,1
DA:17,1
DA:19,1
DA:20,3
DA:23,1
DA:25,1
DA:26,1
DA:29,1
DA:31,1
DA:32,1
DA:33,1
DA:34,1
DA:35,2
DA:36,1
DA:37,3
DA:38,1
DA:39,3
DA:40,1
DA:41,2
DA:49,1
DA:50,1
DA:51,1
DA:52,1
DA:54,1
DA:55,1
DA:56,1
DA:57,1
DA:63,1
DA:64,2
DA:65,1
DA:66,1
DA:68,0
DA:69,0
DA:74,1
DA:75,2
DA:76,1
DA:77,1
DA:78,0
DA:79,0
DA:100,1
DA:102,1
DA:103,4
DA:105,3
DA:107,1
DA:111,2
DA:131,1
DA:132,1
DA:133,1
DA:134,1
DA:135,1
DA:138,1
DA:139,1
DA:140,1
DA:142,3
DA:144,0
DA:145,0
DA:148,1
DA:149,1
DA:151,3
DA:153,0
DA:154,0
DA:163,1
DA:164,1
DA:165,1
DA:166,1
DA:167,1
DA:169,1
DA:174,0
DA:176,1
DA:177,1
DA:178,1
DA:180,3
DA:182,0
DA:183,0
DA:186,1
DA:187,1
DA:189,3
DA:191,0
DA:192,0
LF:81
LH:68
end_of_record
SF:lib\core\helpers\webview\url_launche.dart
DA:5,0
DA:7,0
DA:8,0
DA:9,0
LF:4
LH:0
end_of_record
SF:lib\core\widgets\background.dart
DA:7,2
DA:8,4
DA:13,2
DA:15,2
DA:26,2
DA:27,2
DA:28,2
DA:29,4
DA:30,2
DA:31,0
LF:10
LH:9
end_of_record
SF:lib\infra\cache\local_storage_adapter.dart
DA:7,1
DA:9,1
DA:10,0
DA:13,1
DA:15,1
DA:16,0
LF:6
LH:4
end_of_record
SF:lib\features\information\store\information_store.g.dart
DA:12,1
DA:13,2
DA:15,1
DA:17,2
DA:18,1
DA:21,1
DA:23,4
DA:24,1
DA:28,1
DA:29,2
DA:31,1
DA:33,2
DA:36,1
DA:38,2
DA:42,0
DA:44,0
DA:47,0
DA:49,0
DA:53,0
DA:55,0
DA:58,0
DA:60,0
DA:64,0
DA:66,0
DA:69,0
DA:71,0
DA:75,0
DA:77,0
DA:80,0
DA:82,0
DA:86,0
DA:89,0
DA:90,0
LF:33
LH:14
end_of_record
SF:lib\features\information\store\information_store.dart
DA:10,1
DA:11,1
DA:21,1
DA:22,1
DA:24,0
DA:25,0
DA:27,0
DA:29,0
DA:30,0
DA:33,0
DA:34,0
DA:36,0
DA:37,0
DA:39,1
DA:40,4
DA:46,1
DA:47,2
DA:48,0
DA:51,0
DA:52,0
DA:53,0
DA:56,0
DA:57,0
DA:58,0
DA:61,1
DA:62,3
DA:65,1
DA:66,1
DA:68,3
DA:69,1
LF:30
LH:14
end_of_record
SF:lib\features\auth\presentation\screens\auth_screen.dart
DA:10,1
DA:12,1
DA:13,1
DA:18,1
DA:20,1
DA:21,1
DA:23,1
DA:25,1
DA:26,5
DA:27,1
DA:31,2
DA:32,3
DA:35,1
DA:39,2
DA:40,3
DA:43,2
DA:44,1
DA:46,2
DA:47,0
DA:48,0
LF:20
LH:18
end_of_record
SF:lib\features\auth\presentation\store\auth_store.g.dart
DA:14,1
DA:15,2
DA:16,2
DA:18,1
DA:21,1
DA:22,1
DA:23,3
DA:25,1
DA:28,1
DA:30,4
DA:32,1
DA:34,3
DA:36,1
DA:38,2
DA:39,1
DA:42,1
DA:44,4
DA:45,1
DA:49,1
DA:50,2
DA:52,1
DA:54,2
DA:55,1
DA:58,1
DA:60,4
DA:61,1
DA:65,1
DA:66,2
DA:68,1
DA:70,2
DA:73,1
DA:75,2
DA:79,1
DA:81,2
DA:84,1
DA:86,2
DA:90,0
DA:93,0
DA:94,0
DA:95,0
DA:96,0
DA:97,0
DA:98,0
LF:43
LH:36
end_of_record
SF:lib\features\auth\presentation\store\auth_store.dart
DA:14,1
DA:16,1
DA:19,1
DA:21,1
DA:24,1
DA:26,4
DA:29,2
DA:32,2
DA:39,1
DA:40,1
DA:41,1
DA:47,1
DA:49,4
DA:52,1
DA:53,2
DA:56,1
DA:57,2
DA:60,2
DA:67,1
DA:69,2
LF:20
LH:20
end_of_record
SF:lib\features\auth\presentation\widgets\custom_textfield.dart
DA:4,1
DA:18,1
DA:20,1
DA:23,1
DA:24,1
DA:25,1
DA:26,1
DA:27,1
DA:28,1
DA:29,1
DA:32,1
DA:33,1
DA:34,1
DA:36,1
DA:37,1
DA:39,3
LF:16
LH:16
end_of_record
